<?xml version="1.0" encoding="UTF-8"?>
<testng-results skipped="0" failed="0" ignored="0" total="1" passed="1">
  <reporter-output>
  </reporter-output>
  <suite name="CrossBrowserTesting" duration-ms="35240" started-at="2017-09-14T16:41:02Z" finished-at="2017-09-14T16:41:37Z">
    <groups>
    </groups>
    <test name="Smoketest" duration-ms="35240" started-at="2017-09-14T16:41:02Z" finished-at="2017-09-14T16:41:37Z">
      <class name="com.test.testcases.HMSTestcases">
        <test-method status="PASS" signature="setup(java.lang.String)[pri:0, instance:com.test.testcases.HMSTestcases@13fee20c]" name="setup" is-config="true" duration-ms="18519" started-at="2017-09-14T22:11:02Z" finished-at="2017-09-14T22:11:20Z">
          <params>
            <param index="0">
              <value>
                <![CDATA[chrome]]>
              </value>
            </param>
          </params>
          <reporter-output>
          </reporter-output>
        </test-method> <!-- setup -->
        <test-method status="PASS" signature="verifyLoginTest()[pri:0, instance:com.test.testcases.HMSTestcases@13fee20c]" name="verifyLoginTest" duration-ms="7879" started-at="2017-09-14T22:11:20Z" finished-at="2017-09-14T22:11:28Z">
          <reporter-output>
          </reporter-output>
        </test-method> <!-- verifyLoginTest -->
        <test-method status="PASS" signature="quit()[pri:0, instance:com.test.testcases.HMSTestcases@13fee20c]" name="quit" is-config="true" duration-ms="8755" started-at="2017-09-14T22:11:28Z" finished-at="2017-09-14T22:11:37Z">
          <reporter-output>
          </reporter-output>
        </test-method> <!-- quit -->
      </class> <!-- com.test.testcases.HMSTestcases -->
    </test> <!-- Smoketest -->
  </suite> <!-- CrossBrowserTesting -->
</testng-results>
